{
  userId: '',
  method: 'GET',
  url: '/agents',
  body: {},
  params: {},
  status: 401,
  message: 'Token is missing',
  subMessage: 'Unauthorized',
  level: 'error',
  timestamp: '2023-10-30T10:10:21.781Z'
}
{
  userId: '4e2eb1f4-57c9-43de-ba41-09e575560eb8',
  id: '::1',
  method: 'POST',
  url: '/transaction',
  body: {
    userId: 'ebf067a6-8d2a-4859-849f-49caf1d583b4',
    amount: 1.2312312312312312e+23,
    type: 'user.add_balance',
    note: '',
    token: '',
    status: 'success',
    currencyId: 1
  },
  params: {},
  status: 400,
  message: 'FAILED',
  subMessage: 'Bad Request',
  level: 'error',
  timestamp: '2023-10-30T10:12:13.134Z'
}
{
  userId: '4e2eb1f4-57c9-43de-ba41-09e575560eb8',
  id: '::1',
  method: 'POST',
  url: '/transaction',
  body: {
    userId: 'ebf067a6-8d2a-4859-849f-49caf1d583b4',
    amount: 1.2312312312312312e+23,
    type: 'user.add_balance',
    note: '',
    token: '',
    status: 'success',
    currencyId: 1
  },
  params: {},
  status: 400,
  message: 'FAILED',
  subMessage: 'Bad Request',
  level: 'error',
  timestamp: '2023-10-30T10:12:22.032Z'
}
{
  userId: '4e2eb1f4-57c9-43de-ba41-09e575560eb8',
  id: '::1',
  method: 'POST',
  url: '/transaction',
  body: {
    userId: 'ebf067a6-8d2a-4859-849f-49caf1d583b4',
    amount: 123123123123,
    type: 'user.add_balance',
    note: '',
    token: '',
    status: 'success',
    currencyId: 1
  },
  params: {},
  status: 400,
  message: 'FAILED',
  subMessage: 'Bad Request',
  level: 'error',
  timestamp: '2023-10-30T10:12:31.609Z'
}
{
  userId: '4e2eb1f4-57c9-43de-ba41-09e575560eb8',
  method: 'POST',
  url: '/transaction',
  body: {
    userId: 'ebf067a6-8d2a-4859-849f-49caf1d583b4',
    amount: 123123123123,
    type: 'user.add_balance',
    note: '',
    token: '',
    status: 'success',
    currencyId: 1
  },
  params: {},
  status: 400,
  message: 'FAILED',
  subMessage: 'Bad Request',
  level: 'error',
  timestamp: '2023-10-30T10:24:00.976Z'
}
{
  userId: '4e2eb1f4-57c9-43de-ba41-09e575560eb8',
  method: 'POST',
  url: '/transaction',
  body: {
    userId: 'ebf067a6-8d2a-4859-849f-49caf1d583b4',
    amount: 123123123123123130000,
    type: 'user.add_balance',
    note: '',
    token: '',
    status: 'success',
    currencyId: 1
  },
  params: {},
  status: 400,
  message: 'FAILED',
  subMessage: 'Bad Request',
  level: 'error',
  timestamp: '2023-10-30T10:38:54.608Z'
}
{
  userId: '4e2eb1f4-57c9-43de-ba41-09e575560eb8',
  method: 'POST',
  url: '/transaction',
  body: {
    userId: 'ebf067a6-8d2a-4859-849f-49caf1d583b4',
    amount: 123123123123123130000,
    type: 'user.add_balance',
    note: '',
    token: '',
    status: 'success',
    currencyId: 1
  },
  params: {},
  status: 400,
  message: 'FAILED',
  subMessage: 'Bad Request',
  level: 'error',
  timestamp: '2023-10-30T10:39:21.835Z'
}
{
  userId: '4e2eb1f4-57c9-43de-ba41-09e575560eb8',
  method: 'POST',
  url: '/transaction',
  body: {
    userId: 'ebf067a6-8d2a-4859-849f-49caf1d583b4',
    amount: 123123123123123130000,
    type: 'user.add_balance',
    note: '',
    token: '',
    status: 'success',
    currencyId: 1
  },
  params: {},
  status: 400,
  message: 'FAILED',
  subMessage: 'Bad Request',
  level: 'error',
  timestamp: '2023-10-30T10:39:29.895Z'
}
{
  userId: '4e2eb1f4-57c9-43de-ba41-09e575560eb8',
  method: 'POST',
  url: '/transaction',
  body: {
    userId: 'ebf067a6-8d2a-4859-849f-49caf1d583b4',
    amount: 123123123123123130000,
    type: 'user.add_balance',
    note: '',
    token: '',
    status: 'success',
    currencyId: 1
  },
  params: {},
  status: 400,
  message: 'FAILED',
  subMessage: 'Bad Request',
  level: 'error',
  timestamp: '2023-10-30T10:40:44.419Z'
}
{
  userId: '4e2eb1f4-57c9-43de-ba41-09e575560eb8',
  method: 'POST',
  url: '/transaction',
  body: {
    userId: 'ebf067a6-8d2a-4859-849f-49caf1d583b4',
    amount: 123123123123123130000,
    type: 'user.add_balance',
    note: '',
    token: '',
    status: 'success',
    currencyId: 1
  },
  params: {},
  status: 400,
  message: 'FAILED',
  subMessage: 'Bad Request',
  level: 'error',
  timestamp: '2023-10-30T10:40:55.579Z'
}
{
  userId: '4e2eb1f4-57c9-43de-ba41-09e575560eb8',
  method: 'POST',
  url: '/transaction',
  body: {
    userId: 'ebf067a6-8d2a-4859-849f-49caf1d583b4',
    amount: 123123123123123130000,
    type: 'user.add_balance',
    note: '',
    token: '',
    status: 'success',
    currencyId: 1
  },
  params: {},
  status: 400,
  message: 'FAILED',
  subMessage: 'Bad Request',
  level: 'error',
  timestamp: '2023-10-30T10:42:45.105Z'
}
{
  userId: '4e2eb1f4-57c9-43de-ba41-09e575560eb8',
  method: 'POST',
  url: '/transaction',
  body: {
    userId: 'ebf067a6-8d2a-4859-849f-49caf1d583b4',
    amount: 123123123123123130000,
    type: 'user.add_balance',
    note: '',
    token: '',
    status: 'success',
    currencyId: 1
  },
  params: {},
  status: 400,
  message: 'FAILED',
  subMessage: 'Bad Request',
  level: 'error',
  timestamp: '2023-10-30T10:42:51.256Z'
}
{
  userId: '',
  method: 'GET',
  url: '/permissions?',
  body: {},
  params: {},
  status: 401,
  message: 'Token is missing',
  subMessage: 'Unauthorized',
  level: 'error',
  timestamp: '2023-10-30T10:45:02.878Z'
}
{
  userId: '4e2eb1f4-57c9-43de-ba41-09e575560eb8',
  method: 'PUT',
  url: '/agents/4e2eb1f4-57c9-43de-ba41-09e575560eb8',
  body: {
    name: 'Rodney Kuhic',
    roleId: 1,
    rate: 123,
    currencyId: 1,
    parentAgentId: '4e2eb1f4-57c9-43de-ba41-09e575560eb8'
  },
  params: {},
  status: 400,
  message: "Cannot be one's own agent",
  subMessage: 'Bad Request',
  level: 'error',
  timestamp: '2023-10-30T10:45:18.478Z'
}
{
  userId: '4e2eb1f4-57c9-43de-ba41-09e575560eb8',
  method: 'POST',
  url: '/transaction',
  body: {
    userId: 'ebf067a6-8d2a-4859-849f-49caf1d583b4',
    amount: 123123123123123130000,
    type: 'user.add_balance',
    note: '',
    token: '',
    status: 'success',
    currencyId: 1
  },
  params: {},
  status: 400,
  message: 'FAILED',
  subMessage: 'Bad Request',
  level: 'error',
  timestamp: '2023-10-30T10:46:28.338Z'
}
{
  userId: '4e2eb1f4-57c9-43de-ba41-09e575560eb8',
  method: 'POST',
  url: '/transaction',
  body: {
    userId: 'ebf067a6-8d2a-4859-849f-49caf1d583b4',
    amount: 123123123123123130000,
    type: 'user.add_balance',
    note: '',
    token: '',
    status: 'success',
    currencyId: 1
  },
  params: {},
  status: 400,
  message: '\n' +
    'Invalid `prisma.users.update()` invocation:\n' +
    '\n' +
    '\n' +
    "Value out of range for the type. Out of range value for column 'balance' at row 1",
  subMessage: 'Bad Request',
  level: 'error',
  timestamp: '2023-10-30T10:51:22.148Z'
}
{
  userId: '',
  method: 'GET',
  url: '/users?page=0&size=10&search=&dateFrom=&dateTo=',
  body: {},
  params: {},
  status: 401,
  message: 'jwt expired',
  subMessage: 'Unauthorized',
  level: 'error',
  timestamp: '2023-10-31T02:50:26.913Z'
}
{
  userId: '',
  method: 'GET',
  url: '/permissions?',
  body: {},
  params: {},
  status: 401,
  message: 'Token is missing',
  subMessage: 'Unauthorized',
  level: 'error',
  timestamp: '2023-10-31T03:16:03.767Z'
}
{
  userId: '61cda2dd-ef7a-48e9-8ac5-417e769d4ee3',
  method: 'GET',
  url: '/betting-list?page=0&size=10&search=&dateFrom=&dateTo=&type=&bettingList=1',
  body: {},
  params: {},
  status: '500',
  message: 'TypeError: groupedTransactions.slice is not a function',
  subMessage: undefined,
  level: 'error',
  timestamp: '2024-01-11T02:46:38.844Z'
}
{
  userId: '61cda2dd-ef7a-48e9-8ac5-417e769d4ee3',
  method: 'GET',
  url: '/betting-list?page=0&size=10&search=&dateFrom=&dateTo=&type=&bettingList=1',
  body: {},
  params: {},
  status: '500',
  message: 'TypeError: groupedTransactions.slice is not a function',
  subMessage: undefined,
  level: 'error',
  timestamp: '2024-01-11T03:00:36.126Z'
}
{
  userId: '',
  method: 'GET',
  url: '/api/betting-list?page=0&size=10&search=&dateFrom=&dateTo=&type=&bettingList=1',
  body: {},
  params: {},
  status: 404,
  message: 'Not found',
  subMessage: undefined,
  level: 'error',
  timestamp: '2024-01-11T03:25:06.534Z'
}
